/global/u1/j/jinyun/ACME/models/lnd/clm/tools/shared/mkmapdata/mkmapdata.sh
Script to create mapping files required by mksurfdata_map
query command is /global/u1/j/jinyun/ACME/models/lnd/clm/tools/shared/mkmapdata/../../../bld/queryDefaultNamelist.pl -silent -namelist clmexp -phys clm4_5  -justvalue -options sim_year=2000 -csmdata /global/homes/j/jinyun/clm_input/inputdata/

Using user specified scrip grid file: /global/u1/j/jinyun/ACME/models/lnd/clm/tools/shared/mkmapgrids/SCRIPgrid_1x1pt_US-Ha1_nomask_c150409.nc
Output grid resolution is 1x1pt_US-Ha1
/global/u1/j/jinyun/ACME/models/lnd/clm/tools/shared/mkmapdata/../../../bld/queryDefaultNamelist.pl -silent -namelist clmexp -phys clm4_5 -justvalue -options sim_year=2000 -csmdata /global/homes/j/jinyun/clm_input/inputdata/ -var scripgriddata -res 0.5x0.5 -options lmask=AVHRR,glc_nec=10 -onlyfiles
/global/u1/j/jinyun/ACME/models/lnd/clm/tools/shared/mkmapdata/../../../bld/queryDefaultNamelist.pl -silent -namelist clmexp -phys clm4_5 -justvalue -options sim_year=2000 -csmdata /global/homes/j/jinyun/clm_input/inputdata/ -var scripgriddata -res 0.5x0.5 -options lmask=MODIS,glc_nec=10 -onlyfiles
/global/u1/j/jinyun/ACME/models/lnd/clm/tools/shared/mkmapdata/../../../bld/queryDefaultNamelist.pl -silent -namelist clmexp -phys clm4_5 -justvalue -options sim_year=2000 -csmdata /global/homes/j/jinyun/clm_input/inputdata/ -var scripgriddata -res 3x3min -options lmask=LandScan2004,glc_nec=10 -onlyfiles
/global/u1/j/jinyun/ACME/models/lnd/clm/tools/shared/mkmapdata/../../../bld/queryDefaultNamelist.pl -silent -namelist clmexp -phys clm4_5 -justvalue -options sim_year=2000 -csmdata /global/homes/j/jinyun/clm_input/inputdata/ -var scripgriddata -res 3x3min -options lmask=MODIS,glc_nec=10 -onlyfiles
/global/u1/j/jinyun/ACME/models/lnd/clm/tools/shared/mkmapdata/../../../bld/queryDefaultNamelist.pl -silent -namelist clmexp -phys clm4_5 -justvalue -options sim_year=2000 -csmdata /global/homes/j/jinyun/clm_input/inputdata/ -var scripgriddata -res 3x3min -options lmask=USGS,glc_nec=10 -onlyfiles
/global/u1/j/jinyun/ACME/models/lnd/clm/tools/shared/mkmapdata/../../../bld/queryDefaultNamelist.pl -silent -namelist clmexp -phys clm4_5 -justvalue -options sim_year=2000 -csmdata /global/homes/j/jinyun/clm_input/inputdata/ -var scripgriddata -res 5x5min -options lmask=nomask,glc_nec=10 -onlyfiles
/global/u1/j/jinyun/ACME/models/lnd/clm/tools/shared/mkmapdata/../../../bld/queryDefaultNamelist.pl -silent -namelist clmexp -phys clm4_5 -justvalue -options sim_year=2000 -csmdata /global/homes/j/jinyun/clm_input/inputdata/ -var scripgriddata -res 5x5min -options lmask=IGBP-GSDP,glc_nec=10 -onlyfiles
/global/u1/j/jinyun/ACME/models/lnd/clm/tools/shared/mkmapdata/../../../bld/queryDefaultNamelist.pl -silent -namelist clmexp -phys clm4_5 -justvalue -options sim_year=2000 -csmdata /global/homes/j/jinyun/clm_input/inputdata/ -var scripgriddata -res 5x5min -options lmask=ISRIC-WISE,glc_nec=10 -onlyfiles
/global/u1/j/jinyun/ACME/models/lnd/clm/tools/shared/mkmapdata/../../../bld/queryDefaultNamelist.pl -silent -namelist clmexp -phys clm4_5 -justvalue -options sim_year=2000 -csmdata /global/homes/j/jinyun/clm_input/inputdata/ -var scripgriddata -res 10x10min -options lmask=nomask,glc_nec=10 -onlyfiles
/global/u1/j/jinyun/ACME/models/lnd/clm/tools/shared/mkmapdata/../../../bld/queryDefaultNamelist.pl -silent -namelist clmexp -phys clm4_5 -justvalue -options sim_year=2000 -csmdata /global/homes/j/jinyun/clm_input/inputdata/ -var scripgriddata -res 10x10min -options lmask=IGBPmergeICESatGIS,glc_nec=10 -onlyfiles
/global/u1/j/jinyun/ACME/models/lnd/clm/tools/shared/mkmapdata/../../../bld/queryDefaultNamelist.pl -silent -namelist clmexp -phys clm4_5 -justvalue -options sim_year=2000 -csmdata /global/homes/j/jinyun/clm_input/inputdata/ -var scripgriddata -res 3x3min -options lmask=GLOBE-Gardner,glc_nec=10 -onlyfiles
/global/u1/j/jinyun/ACME/models/lnd/clm/tools/shared/mkmapdata/../../../bld/queryDefaultNamelist.pl -silent -namelist clmexp -phys clm4_5 -justvalue -options sim_year=2000 -csmdata /global/homes/j/jinyun/clm_input/inputdata/ -var scripgriddata -res 3x3min -options lmask=GLOBE-Gardner-mergeGIS,glc_nec=10 -onlyfiles
/global/u1/j/jinyun/ACME/models/lnd/clm/tools/shared/mkmapdata/../../../bld/queryDefaultNamelist.pl -silent -namelist clmexp -phys clm4_5 -justvalue -options sim_year=2000 -csmdata /global/homes/j/jinyun/clm_input/inputdata/ -var scripgriddata -res 0.9x1.25 -options lmask=GRDC,glc_nec=10 -onlyfiles
/global/u1/j/jinyun/ACME/models/lnd/clm/tools/shared/mkmapdata/../../../bld/queryDefaultNamelist.pl -silent -namelist clmexp -phys clm4_5 -justvalue -options sim_year=2000 -csmdata /global/homes/j/jinyun/clm_input/inputdata/ -var scripgriddata -res 360x720cru -options lmask=cruncep,glc_nec=10 -onlyfiles
/global/u1/j/jinyun/ACME/models/lnd/clm/tools/shared/mkmapdata/../../../bld/queryDefaultNamelist.pl -silent -namelist clmexp -phys clm4_5 -justvalue -options sim_year=2000 -csmdata /global/homes/j/jinyun/clm_input/inputdata/ -var scripgriddata -res 1km-merge-10min -options lmask=HYDRO1K-merge-nomask,glc_nec=10 -onlyfiles
Creating mapping file: map_0.5x0.5_AVHRR_to_1x1pt_US-Ha1_nomask_aave_da_c150409.nc
From input grid: /global/homes/j/jinyun/clm_input/inputdata//lnd/clm2/mappingdata/grids/SCRIPgrid_0.5x0.5_AVHRR_c110228.nc
For output grid: /global/u1/j/jinyun/ACME/models/lnd/clm/tools/shared/mkmapgrids/SCRIPgrid_1x1pt_US-Ha1_nomask_c150409.nc
 
Input grid file does NOT exist: /global/homes/j/jinyun/clm_input/inputdata//lnd/clm2/mappingdata/grids/SCRIPgrid_0.5x0.5_AVHRR_c110228.nc
